<?xml version="1.0" encoding="UTF-8"?>
<testsuite xmlns:xsi="http://www.w3.org/2001/XMLSchema-instance" xsi:noNamespaceSchemaLocation="https://maven.apache.org/surefire/maven-surefire-plugin/xsd/surefire-test-report-3.0.xsd" version="3.0" name="TestSuite" time="87.266" tests="2" errors="0" skipped="0" failures="2">
  <properties>
[...]
</properties>
  <testcase name="loginTest" classname="shadhi.testing.WidgetsCheck" time="62.869">
    <failure message="An element could not be located on the page using the given search parameters.&#10;For documentation on this error, please visit: https://www.seleniumhq.org/exceptions/no_such_element.html&#10;Build info: version: &apos;3.141.59&apos;, revision: &apos;e82be7d358&apos;, time: &apos;2018-11-14T08:17:03&apos;&#10;System info: host: &apos;QKNBK1229&apos;, ip: &apos;192.168.0.107&apos;, os.name: &apos;Windows 10&apos;, os.arch: &apos;amd64&apos;, os.version: &apos;10.0&apos;, java.version: &apos;15.0.2&apos;&#10;Driver info: io.appium.java_client.android.AndroidDriver&#10;Capabilities {appActivity: com.shaadi.android.ui.main...., appPackage: com.shaadi.android, automationName: uiautomator2, databaseEnabled: false, desired: {appActivity: com.shaadi.android.ui.main...., appPackage: com.shaadi.android, automationName: uiautomator2, noReset: true, platformName: android, udid: ZY2222Q8Q8}, deviceApiLevel: 23, deviceManufacturer: motorola, deviceModel: MotoG3, deviceName: ZY2222Q8Q8, deviceScreenDensity: 320, deviceScreenSize: 720x1280, deviceUDID: ZY2222Q8Q8, javascriptEnabled: true, locationContextEnabled: false, networkConnectionEnabled: true, noReset: true, pixelRatio: 2, platform: LINUX, platformName: ANDROID, platformVersion: 6.0.1, statBarHeight: 48, takesScreenshot: true, udid: ZY2222Q8Q8, viewportRect: {height: 1136, left: 0, top: 48, width: 720}, warnings: {}, webStorageEnabled: false}&#10;Session ID: 398a3e35-35e9-4533-aaa7-68721e6036b9&#10;*** Element info: {Using=-android uiautomator, value=new UiScrollable(new UiSelector().scrollable(true).instance(0)).scrollIntoView(new UiSelector().textMatches(&quot;Account Settings&quot;).instance(0))}" type="org.openqa.selenium.NoSuchElementException"><![CDATA[org.openqa.selenium.NoSuchElementException: 
An element could not be located on the page using the given search parameters.
For documentation on this error, please visit: https://www.seleniumhq.org/exceptions/no_such_element.html
Build info: version: '3.141.59', revision: 'e82be7d358', time: '2018-11-14T08:17:03'
System info: host: 'QKNBK1229', ip: '192.168.0.107', os.name: 'Windows 10', os.arch: 'amd64', os.version: '10.0', java.version: '15.0.2'
Driver info: io.appium.java_client.android.AndroidDriver
Capabilities {appActivity: com.shaadi.android.ui.main...., appPackage: com.shaadi.android, automationName: uiautomator2, databaseEnabled: false, desired: {appActivity: com.shaadi.android.ui.main...., appPackage: com.shaadi.android, automationName: uiautomator2, noReset: true, platformName: android, udid: ZY2222Q8Q8}, deviceApiLevel: 23, deviceManufacturer: motorola, deviceModel: MotoG3, deviceName: ZY2222Q8Q8, deviceScreenDensity: 320, deviceScreenSize: 720x1280, deviceUDID: ZY2222Q8Q8, javascriptEnabled: true, locationContextEnabled: false, networkConnectionEnabled: true, noReset: true, pixelRatio: 2, platform: LINUX, platformName: ANDROID, platformVersion: 6.0.1, statBarHeight: 48, takesScreenshot: true, udid: ZY2222Q8Q8, viewportRect: {height: 1136, left: 0, top: 48, width: 720}, warnings: {}, webStorageEnabled: false}
Session ID: 398a3e35-35e9-4533-aaa7-68721e6036b9
*** Element info: {Using=-android uiautomator, value=new UiScrollable(new UiSelector().scrollable(true).instance(0)).scrollIntoView(new UiSelector().textMatches("Account Settings").instance(0))}
	at shadhi.testing.WidgetsCheck.loginTest(WidgetsCheck.java:70)
]]></failure>
    <system-err><![CDATA[Aug 29, 2021 10:01:28 PM io.appium.java_client.remote.AppiumCommandExecutor$1 lambda$0
INFO: Detected dialect: W3C
Aug 29, 2021 10:01:46 PM io.appium.java_client.remote.AppiumCommandExecutor$1 lambda$0
INFO: Detected dialect: W3C
]]></system-err>
  </testcase>
  <testcase name="quitApp" classname="shadhi.testing.WidgetsCheck" time="62.908">
    <failure message="A session is either terminated or not started&#10;Build info: version: &apos;3.141.59&apos;, revision: &apos;e82be7d358&apos;, time: &apos;2018-11-14T08:17:03&apos;&#10;System info: host: &apos;QKNBK1229&apos;, ip: &apos;192.168.0.107&apos;, os.name: &apos;Windows 10&apos;, os.arch: &apos;amd64&apos;, os.version: &apos;10.0&apos;, java.version: &apos;15.0.2&apos;&#10;Driver info: io.appium.java_client.android.AndroidDriver&#10;Capabilities {appActivity: com.shaadi.android.ui.main...., appPackage: com.shaadi.android, automationName: uiautomator2, databaseEnabled: false, desired: {appActivity: com.shaadi.android.ui.main...., appPackage: com.shaadi.android, automationName: uiautomator2, noReset: true, platformName: android, udid: ZY2222Q8Q8}, deviceApiLevel: 23, deviceManufacturer: motorola, deviceModel: MotoG3, deviceName: ZY2222Q8Q8, deviceScreenDensity: 320, deviceScreenSize: 720x1280, deviceUDID: ZY2222Q8Q8, javascriptEnabled: true, locationContextEnabled: false, networkConnectionEnabled: true, noReset: true, pixelRatio: 2, platform: LINUX, platformName: ANDROID, platformVersion: 6.0.1, statBarHeight: 48, takesScreenshot: true, udid: ZY2222Q8Q8, viewportRect: {height: 1136, left: 0, top: 48, width: 720}, warnings: {}, webStorageEnabled: false}&#10;Session ID: 07096041-e581-4936-abc8-437e8326d707" type="org.openqa.selenium.NoSuchSessionException"><![CDATA[org.openqa.selenium.NoSuchSessionException: 
A session is either terminated or not started
Build info: version: '3.141.59', revision: 'e82be7d358', time: '2018-11-14T08:17:03'
System info: host: 'QKNBK1229', ip: '192.168.0.107', os.name: 'Windows 10', os.arch: 'amd64', os.version: '10.0', java.version: '15.0.2'
Driver info: io.appium.java_client.android.AndroidDriver
Capabilities {appActivity: com.shaadi.android.ui.main...., appPackage: com.shaadi.android, automationName: uiautomator2, databaseEnabled: false, desired: {appActivity: com.shaadi.android.ui.main...., appPackage: com.shaadi.android, automationName: uiautomator2, noReset: true, platformName: android, udid: ZY2222Q8Q8}, deviceApiLevel: 23, deviceManufacturer: motorola, deviceModel: MotoG3, deviceName: ZY2222Q8Q8, deviceScreenDensity: 320, deviceScreenSize: 720x1280, deviceUDID: ZY2222Q8Q8, javascriptEnabled: true, locationContextEnabled: false, networkConnectionEnabled: true, noReset: true, pixelRatio: 2, platform: LINUX, platformName: ANDROID, platformVersion: 6.0.1, statBarHeight: 48, takesScreenshot: true, udid: ZY2222Q8Q8, viewportRect: {height: 1136, left: 0, top: 48, width: 720}, warnings: {}, webStorageEnabled: false}
Session ID: 07096041-e581-4936-abc8-437e8326d707
	at shadhi.testing.WidgetsCheck.quitApp(WidgetsCheck.java:77)
]]></failure>
  </testcase>
</testsuite>